<?xml version='1.0' encoding='UTF-8'?>
<testsuite hostname="Calvins-MacBook-Pro.local" name="livechart.ModelTest" tests="3" errors="0" failures="0" skipped="0" time="-0.003" timestamp="2023-05-31T08:38:42">
          <properties>
      <property name="java.specification.version" value="17"/><property name="sun.jnu.encoding" value="UTF-8"/><property name="sun.arch.data.model" value="64"/><property name="java.vendor.url" value="https://adoptium.net/"/><property name="sun.boot.library.path" value="/Library/Java/JavaVirtualMachines/temurin-17.jdk/Contents/Home/lib"/><property name="sun.java.command" value="/Users/calvinkhor/Library/Caches/Coursier/arc/https/github.com/sbt/sbt/releases/download/v1.8.3/sbt-1.8.3.zip/sbt/bin/sbt-launch.jar"/><property name="jdk.debug" value="release"/><property name="sun.stderr.encoding" value="UTF-8"/><property name="java.specification.vendor" value="Oracle Corporation"/><property name="java.version.date" value="2023-04-18"/><property name="java.home" value="/Library/Java/JavaVirtualMachines/temurin-17.jdk/Contents/Home"/><property name="file.separator" value="/"/><property name="java.vm.compressedOopsMode" value="Zero based"/><property name="line.separator" value="
"/><property name="sun.stdout.encoding" value="UTF-8"/><property name="java.vm.specification.vendor" value="Oracle Corporation"/><property name="java.specification.name" value="Java Platform API Specification"/><property name="java.protocol.handler.pkgs" value="com.google.common"/><property name="sun.management.compiler" value="HotSpot 64-Bit Tiered Compilers"/><property name="java.runtime.version" value="17.0.7+7"/><property name="user.name" value="calvinkhor"/><property name="log4j.ignoreTCL" value="true"/><property name="file.encoding" value="UTF-8"/><property name="java.vendor.version" value="Temurin-17.0.7+7"/><property name="java.io.tmpdir" value="/var/folders/p8/d728c3090pl_2q11s2tw8rjr0000gn/T/"/><property name="java.version" value="17.0.7"/><property name="java.vm.specification.name" value="Java Virtual Machine Specification"/><property name="native.encoding" value="UTF-8"/><property name="java.library.path" value="/Users/calvinkhor/Library/Java/Extensions:/Library/Java/Extensions:/Network/Library/Java/Extensions:/System/Library/Java/Extensions:/usr/lib/java:."/><property name="java.vendor" value="Eclipse Adoptium"/><property name="scala.ext.dirs" value="/Users/calvinkhor/.sbt/1.0/java9-rt-ext-eclipse_adoptium_17_0_7"/><property name="sun.io.unicode.encoding" value="UnicodeBig"/><property name="java.class.path" value="/Users/calvinkhor/Library/Caches/Coursier/arc/https/github.com/sbt/sbt/releases/download/v1.8.3/sbt-1.8.3.zip/sbt/bin/sbt-launch.jar"/><property name="java.vm.vendor" value="Eclipse Adoptium"/><property name="jline.shutdownhook" value="false"/><property name="user.timezone" value="Asia/Shanghai"/><property name="java.vm.specification.version" value="17"/><property name="os.name" value="Mac OS X"/><property name="sun.java.launcher" value="SUN_STANDARD"/><property name="user.country" value="GB"/><property name="sun.cpu.endian" value="little"/><property name="user.home" value="/Users/calvinkhor"/><property name="user.language" value="en"/><property name="sbt.script" value="/Users/calvinkhor/Library/Caches/Coursier/arc/https/github.com/sbt/sbt/releases/download/v1.8.3/sbt-1.8.3.zip/sbt/bin/sbt"/><property name="sbt.ipcsocket.tmpdir" value="/var/folders/p8/d728c3090pl_2q11s2tw8rjr0000gn/T/.sbt954ccd05/ipcsocket"/><property name="swoval.tmpdir" value="/var/folders/p8/d728c3090pl_2q11s2tw8rjr0000gn/T/.sbt954ccd05/swoval"/><property name="jline.esc.timeout" value="0"/><property name="path.separator" value=":"/><property name="os.version" value="13.3.1"/><property name="jna.nosys" value="true"/><property name="java.runtime.name" value="OpenJDK Runtime Environment"/><property name="java.vm.name" value="OpenJDK 64-Bit Server VM"/><property name="java.vendor.url.bug" value="https://github.com/adoptium/adoptium-support/issues"/><property name="user.dir" value="/Users/calvinkhor/Documents/GitHub/learning_scala/scalajs-tutorials/livechart"/><property name="os.arch" value="aarch64"/><property name="java.vm.info" value="mixed mode"/><property name="java.vm.version" value="17.0.7+7"/><property name="java.class.version" value="61.0"/>
    </properties>
          <testcase classname="livechart.ModelTest" name="fullPrice" time="-0.001">
                      
                    </testcase><testcase classname="livechart.ModelTest" name="addDataItem" time="-0.001">
                      
                    </testcase><testcase classname="livechart.ModelTest" name="removeDataItem" time="-0.001">
                      
                    </testcase>
          <system-out><![CDATA[]]></system-out>
          <system-err><![CDATA[]]></system-err>
        </testsuite>